<?xml version="1.0" encoding="UTF-8"?>
<testng-results skipped="0" failed="0" ignored="0" total="1" passed="1">
  <reporter-output>
  </reporter-output>
  <suite name="Default suite" duration-ms="11143" started-at="2021-06-21T01:51:07 IST" finished-at="2021-06-21T01:51:18 IST">
    <groups>
    </groups>
    <test name="Default test" duration-ms="11143" started-at="2021-06-21T01:51:07 IST" finished-at="2021-06-21T01:51:18 IST">
      <class name="selenium_maven_test.maven_test2">
        <test-method status="PASS" signature="test()[pri:0, instance:selenium_maven_test.maven_test2@34c4973]" name="test" duration-ms="11032" started-at="2021-06-21T01:51:07 IST" finished-at="2021-06-21T01:51:18 IST">
          <reporter-output>
          </reporter-output>
        </test-method> <!-- test -->
      </class> <!-- selenium_maven_test.maven_test2 -->
    </test> <!-- Default test -->
  </suite> <!-- Default suite -->
</testng-results>
