<?xml version="1.0" encoding="UTF-8"?>
<!-- Generated by org.testng.reporters.JUnitXMLReporter -->
<testsuite hostname="DESKTOP-UQSDP0M" ignored="0" name="Test firefox browser" tests="1" failures="1" timestamp="2021-06-08T15:02:41 IST" time="49.641" errors="0">
  <testcase name="verfiytittle" time="49.482" classname="TestNG_package.cross_browser_test">
    <failure type="org.openqa.selenium.WebDriverException" message="Timed out waiting 45 seconds for Firefox to start.
Build info: version: &amp;apos;3.12.0&amp;apos;, revision: &amp;apos;7c6e0b3&amp;apos;, time: &amp;apos;2018-05-08T15:15:08.936Z&amp;apos;
System info: host: &amp;apos;DESKTOP-UQSDP0M&amp;apos;, ip: &amp;apos;192.168.0.106&amp;apos;, os.name: &amp;apos;Windows 10&amp;apos;, os.arch: &amp;apos;amd64&amp;apos;, os.version: &amp;apos;10.0&amp;apos;, java.version: &amp;apos;1.8.0_171&amp;apos;
Driver info: driver.version: FirefoxDriver">
      <![CDATA[org.openqa.selenium.WebDriverException: Timed out waiting 45 seconds for Firefox to start.
Build info: version: '3.12.0', revision: '7c6e0b3', time: '2018-05-08T15:15:08.936Z'
System info: host: 'DESKTOP-UQSDP0M', ip: '192.168.0.106', os.name: 'Windows 10', os.arch: 'amd64', os.version: '10.0', java.version: '1.8.0_171'
Driver info: driver.version: FirefoxDriver
at org.openqa.selenium.firefox.XpiDriverService.waitUntilAvailable(XpiDriverService.java:132)
at org.openqa.selenium.firefox.XpiDriverService.start(XpiDriverService.java:117)
at org.openqa.selenium.remote.service.DriverCommandExecutor.execute(DriverCommandExecutor.java:79)
at org.openqa.selenium.remote.RemoteWebDriver.execute(RemoteWebDriver.java:543)
at org.openqa.selenium.remote.RemoteWebDriver.startSession(RemoteWebDriver.java:207)
at org.openqa.selenium.remote.RemoteWebDriver.<init>(RemoteWebDriver.java:130)
at org.openqa.selenium.firefox.FirefoxDriver.<init>(FirefoxDriver.java:125)
at org.openqa.selenium.firefox.FirefoxDriver.<init>(FirefoxDriver.java:103)
at TestNG_package.cross_browser_test.verfiytittle(cross_browser_test.java:21)
at java.util.ArrayList.forEach(Unknown Source)
at java.util.concurrent.FutureTask.run(Unknown Source)
at java.util.concurrent.ThreadPoolExecutor.runWorker(Unknown Source)
at java.util.concurrent.ThreadPoolExecutor$Worker.run(Unknown Source)
at java.lang.Thread.run(Unknown Source)
Caused by: org.openqa.selenium.net.UrlChecker$TimeoutException: Timed out waiting for [http://localhost:19509/hub/status] to be available after 45014 ms
at org.openqa.selenium.net.UrlChecker.waitUntilAvailable(UrlChecker.java:100)
at org.openqa.selenium.firefox.XpiDriverService.waitUntilAvailable(XpiDriverService.java:130)
... 31 more
Caused by: java.util.concurrent.TimeoutException
at java.util.concurrent.FutureTask.get(Unknown Source)
at com.google.common.util.concurrent.SimpleTimeLimiter.callWithTimeout(SimpleTimeLimiter.java:148)
at org.openqa.selenium.net.UrlChecker.waitUntilAvailable(UrlChecker.java:75)
... 32 more
... Removed 18 stack frames]]>
    </failure>
  </testcase> <!-- verfiytittle -->
</testsuite> <!-- Test firefox browser -->
